<?xml version="1.0" encoding="UTF-8"?>
<testsuite xmlns:xsi="http://www.w3.org/2001/XMLSchema-instance" xsi:noNamespaceSchemaLocation="https://maven.apache.org/surefire/maven-surefire-plugin/xsd/surefire-test-report.xsd" name="de.kreuzwerker.blogs.bidirectionalprovider.DemoControllerTest" time="2.813" tests="7" errors="0" skipped="5" failures="0">
  <properties>
    <property name="java.specification.version" value="17"/>
    <property name="git.build.version" value="0.0.1-SNAPSHOT"/>
    <property name="sun.jnu.encoding" value="UTF-8"/>
    <property name="java.class.path" value="/Users/anjagruss/GitHub/xw/blog-bidirectional-contract-testing-provider/target/test-classes:/Users/anjagruss/GitHub/xw/blog-bidirectional-contract-testing-provider/target/classes:/Users/anjagruss/.m2/repository/org/springframework/boot/spring-boot-starter-web/2.7.1/spring-boot-starter-web-2.7.1.jar:/Users/anjagruss/.m2/repository/org/springframework/boot/spring-boot-starter/2.7.1/spring-boot-starter-2.7.1.jar:/Users/anjagruss/.m2/repository/org/springframework/boot/spring-boot-starter-logging/2.7.1/spring-boot-starter-logging-2.7.1.jar:/Users/anjagruss/.m2/repository/ch/qos/logback/logback-classic/1.2.11/logback-classic-1.2.11.jar:/Users/anjagruss/.m2/repository/ch/qos/logback/logback-core/1.2.11/logback-core-1.2.11.jar:/Users/anjagruss/.m2/repository/org/apache/logging/log4j/log4j-to-slf4j/2.17.2/log4j-to-slf4j-2.17.2.jar:/Users/anjagruss/.m2/repository/org/apache/logging/log4j/log4j-api/2.17.2/log4j-api-2.17.2.jar:/Users/anjagruss/.m2/repository/org/slf4j/jul-to-slf4j/1.7.36/jul-to-slf4j-1.7.36.jar:/Users/anjagruss/.m2/repository/jakarta/annotation/jakarta.annotation-api/1.3.5/jakarta.annotation-api-1.3.5.jar:/Users/anjagruss/.m2/repository/org/yaml/snakeyaml/1.30/snakeyaml-1.30.jar:/Users/anjagruss/.m2/repository/org/springframework/boot/spring-boot-starter-json/2.7.1/spring-boot-starter-json-2.7.1.jar:/Users/anjagruss/.m2/repository/com/fasterxml/jackson/core/jackson-databind/2.13.3/jackson-databind-2.13.3.jar:/Users/anjagruss/.m2/repository/com/fasterxml/jackson/datatype/jackson-datatype-jsr310/2.13.3/jackson-datatype-jsr310-2.13.3.jar:/Users/anjagruss/.m2/repository/com/fasterxml/jackson/module/jackson-module-parameter-names/2.13.3/jackson-module-parameter-names-2.13.3.jar:/Users/anjagruss/.m2/repository/org/springframework/boot/spring-boot-starter-tomcat/2.7.1/spring-boot-starter-tomcat-2.7.1.jar:/Users/anjagruss/.m2/repository/org/apache/tomcat/embed/tomcat-embed-core/9.0.64/tomcat-embed-core-9.0.64.jar:/Users/anjagruss/.m2/repository/org/apache/tomcat/embed/tomcat-embed-el/9.0.64/tomcat-embed-el-9.0.64.jar:/Users/anjagruss/.m2/repository/org/apache/tomcat/embed/tomcat-embed-websocket/9.0.64/tomcat-embed-websocket-9.0.64.jar:/Users/anjagruss/.m2/repository/org/springframework/spring-web/5.3.21/spring-web-5.3.21.jar:/Users/anjagruss/.m2/repository/org/springframework/spring-beans/5.3.21/spring-beans-5.3.21.jar:/Users/anjagruss/.m2/repository/org/springframework/spring-webmvc/5.3.21/spring-webmvc-5.3.21.jar:/Users/anjagruss/.m2/repository/org/springframework/spring-aop/5.3.21/spring-aop-5.3.21.jar:/Users/anjagruss/.m2/repository/org/springframework/spring-context/5.3.21/spring-context-5.3.21.jar:/Users/anjagruss/.m2/repository/org/springframework/spring-expression/5.3.21/spring-expression-5.3.21.jar:/Users/anjagruss/.m2/repository/org/springframework/boot/spring-boot-devtools/2.7.1/spring-boot-devtools-2.7.1.jar:/Users/anjagruss/.m2/repository/org/springframework/boot/spring-boot/2.7.1/spring-boot-2.7.1.jar:/Users/anjagruss/.m2/repository/org/springframework/boot/spring-boot-autoconfigure/2.7.1/spring-boot-autoconfigure-2.7.1.jar:/Users/anjagruss/.m2/repository/org/springframework/boot/spring-boot-configuration-processor/2.7.1/spring-boot-configuration-processor-2.7.1.jar:/Users/anjagruss/.m2/repository/org/projectlombok/lombok/1.18.24/lombok-1.18.24.jar:/Users/anjagruss/.m2/repository/org/springframework/boot/spring-boot-starter-test/2.7.1/spring-boot-starter-test-2.7.1.jar:/Users/anjagruss/.m2/repository/org/springframework/boot/spring-boot-test/2.7.1/spring-boot-test-2.7.1.jar:/Users/anjagruss/.m2/repository/org/springframework/boot/spring-boot-test-autoconfigure/2.7.1/spring-boot-test-autoconfigure-2.7.1.jar:/Users/anjagruss/.m2/repository/com/jayway/jsonpath/json-path/2.7.0/json-path-2.7.0.jar:/Users/anjagruss/.m2/repository/net/minidev/json-smart/2.4.8/json-smart-2.4.8.jar:/Users/anjagruss/.m2/repository/net/minidev/accessors-smart/2.4.8/accessors-smart-2.4.8.jar:/Users/anjagruss/.m2/repository/org/ow2/asm/asm/9.1/asm-9.1.jar:/Users/anjagruss/.m2/repository/jakarta/xml/bind/jakarta.xml.bind-api/2.3.3/jakarta.xml.bind-api-2.3.3.jar:/Users/anjagruss/.m2/repository/jakarta/activation/jakarta.activation-api/1.2.2/jakarta.activation-api-1.2.2.jar:/Users/anjagruss/.m2/repository/org/assertj/assertj-core/3.22.0/assertj-core-3.22.0.jar:/Users/anjagruss/.m2/repository/org/hamcrest/hamcrest/2.2/hamcrest-2.2.jar:/Users/anjagruss/.m2/repository/org/junit/jupiter/junit-jupiter/5.8.2/junit-jupiter-5.8.2.jar:/Users/anjagruss/.m2/repository/org/junit/jupiter/junit-jupiter-api/5.8.2/junit-jupiter-api-5.8.2.jar:/Users/anjagruss/.m2/repository/org/opentest4j/opentest4j/1.2.0/opentest4j-1.2.0.jar:/Users/anjagruss/.m2/repository/org/junit/platform/junit-platform-commons/1.8.2/junit-platform-commons-1.8.2.jar:/Users/anjagruss/.m2/repository/org/apiguardian/apiguardian-api/1.1.2/apiguardian-api-1.1.2.jar:/Users/anjagruss/.m2/repository/org/junit/jupiter/junit-jupiter-params/5.8.2/junit-jupiter-params-5.8.2.jar:/Users/anjagruss/.m2/repository/org/junit/jupiter/junit-jupiter-engine/5.8.2/junit-jupiter-engine-5.8.2.jar:/Users/anjagruss/.m2/repository/org/junit/platform/junit-platform-engine/1.8.2/junit-platform-engine-1.8.2.jar:/Users/anjagruss/.m2/repository/org/mockito/mockito-core/4.5.1/mockito-core-4.5.1.jar:/Users/anjagruss/.m2/repository/net/bytebuddy/byte-buddy/1.12.11/byte-buddy-1.12.11.jar:/Users/anjagruss/.m2/repository/net/bytebuddy/byte-buddy-agent/1.12.11/byte-buddy-agent-1.12.11.jar:/Users/anjagruss/.m2/repository/org/objenesis/objenesis/3.2/objenesis-3.2.jar:/Users/anjagruss/.m2/repository/org/mockito/mockito-junit-jupiter/4.5.1/mockito-junit-jupiter-4.5.1.jar:/Users/anjagruss/.m2/repository/org/skyscreamer/jsonassert/1.5.0/jsonassert-1.5.0.jar:/Users/anjagruss/.m2/repository/com/vaadin/external/google/android-json/0.0.20131108.vaadin1/android-json-0.0.20131108.vaadin1.jar:/Users/anjagruss/.m2/repository/org/springframework/spring-core/5.3.21/spring-core-5.3.21.jar:/Users/anjagruss/.m2/repository/org/springframework/spring-jcl/5.3.21/spring-jcl-5.3.21.jar:/Users/anjagruss/.m2/repository/org/springframework/spring-test/5.3.21/spring-test-5.3.21.jar:/Users/anjagruss/.m2/repository/org/xmlunit/xmlunit-core/2.9.0/xmlunit-core-2.9.0.jar:/Users/anjagruss/.m2/repository/io/rest-assured/rest-assured/4.5.1/rest-assured-4.5.1.jar:/Users/anjagruss/.m2/repository/org/codehaus/groovy/groovy/3.0.11/groovy-3.0.11.jar:/Users/anjagruss/.m2/repository/org/codehaus/groovy/groovy-xml/3.0.11/groovy-xml-3.0.11.jar:/Users/anjagruss/.m2/repository/org/apache/httpcomponents/httpclient/4.5.13/httpclient-4.5.13.jar:/Users/anjagruss/.m2/repository/org/apache/httpcomponents/httpcore/4.4.15/httpcore-4.4.15.jar:/Users/anjagruss/.m2/repository/commons-codec/commons-codec/1.15/commons-codec-1.15.jar:/Users/anjagruss/.m2/repository/org/apache/httpcomponents/httpmime/4.5.13/httpmime-4.5.13.jar:/Users/anjagruss/.m2/repository/org/ccil/cowan/tagsoup/tagsoup/1.2.1/tagsoup-1.2.1.jar:/Users/anjagruss/.m2/repository/io/rest-assured/json-path/4.5.1/json-path-4.5.1.jar:/Users/anjagruss/.m2/repository/org/codehaus/groovy/groovy-json/3.0.11/groovy-json-3.0.11.jar:/Users/anjagruss/.m2/repository/io/rest-assured/rest-assured-common/4.5.1/rest-assured-common-4.5.1.jar:/Users/anjagruss/.m2/repository/io/rest-assured/xml-path/4.5.1/xml-path-4.5.1.jar:/Users/anjagruss/.m2/repository/org/apache/commons/commons-lang3/3.12.0/commons-lang3-3.12.0.jar:/Users/anjagruss/.m2/repository/com/atlassian/oai/swagger-request-validator-core/2.28.1/swagger-request-validator-core-2.28.1.jar:/Users/anjagruss/.m2/repository/io/swagger/parser/v3/swagger-parser/2.0.28/swagger-parser-2.0.28.jar:/Users/anjagruss/.m2/repository/io/swagger/parser/v3/swagger-parser-v2-converter/2.0.28/swagger-parser-v2-converter-2.0.28.jar:/Users/anjagruss/.m2/repository/io/swagger/swagger-core/1.6.3/swagger-core-1.6.3.jar:/Users/anjagruss/.m2/repository/io/swagger/swagger-models/1.6.3/swagger-models-1.6.3.jar:/Users/anjagruss/.m2/repository/io/swagger/swagger-annotations/1.6.3/swagger-annotations-1.6.3.jar:/Users/anjagruss/.m2/repository/javax/validation/validation-api/2.0.1.Final/validation-api-2.0.1.Final.jar:/Users/anjagruss/.m2/repository/io/swagger/swagger-parser/1.0.56/swagger-parser-1.0.56.jar:/Users/anjagruss/.m2/repository/io/swagger/swagger-compat-spec-parser/1.0.56/swagger-compat-spec-parser-1.0.56.jar:/Users/anjagruss/.m2/repository/com/github/java-json-tools/json-patch/1.13/json-patch-1.13.jar:/Users/anjagruss/.m2/repository/io/swagger/core/v3/swagger-models/2.1.11/swagger-models-2.1.11.jar:/Users/anjagruss/.m2/repository/io/swagger/parser/v3/swagger-parser-core/2.0.28/swagger-parser-core-2.0.28.jar:/Users/anjagruss/.m2/repository/io/swagger/parser/v3/swagger-parser-v3/2.0.28/swagger-parser-v3-2.0.28.jar:/Users/anjagruss/.m2/repository/io/swagger/core/v3/swagger-core/2.1.11/swagger-core-2.1.11.jar:/Users/anjagruss/.m2/repository/io/swagger/core/v3/swagger-annotations/2.1.11/swagger-annotations-2.1.11.jar:/Users/anjagruss/.m2/repository/jakarta/validation/jakarta.validation-api/2.0.2/jakarta.validation-api-2.0.2.jar:/Users/anjagruss/.m2/repository/com/fasterxml/jackson/dataformat/jackson-dataformat-yaml/2.13.3/jackson-dataformat-yaml-2.13.3.jar:/Users/anjagruss/.m2/repository/commons-io/commons-io/2.11.0/commons-io-2.11.0.jar:/Users/anjagruss/.m2/repository/com/github/java-json-tools/json-schema-validator/2.2.14/json-schema-validator-2.2.14.jar:/Users/anjagruss/.m2/repository/com/github/java-json-tools/jackson-coreutils-equivalence/1.0/jackson-coreutils-equivalence-1.0.jar:/Users/anjagruss/.m2/repository/com/github/java-json-tools/jackson-coreutils/2.0/jackson-coreutils-2.0.jar:/Users/anjagruss/.m2/repository/com/github/java-json-tools/msg-simple/1.2/msg-simple-1.2.jar:/Users/anjagruss/.m2/repository/com/github/java-json-tools/btf/1.3/btf-1.3.jar:/Users/anjagruss/.m2/repository/com/github/java-json-tools/json-schema-core/1.2.14/json-schema-core-1.2.14.jar:/Users/anjagruss/.m2/repository/com/github/java-json-tools/uri-template/0.10/uri-template-0.10.jar:/Users/anjagruss/.m2/repository/org/mozilla/rhino/1.7.7.2/rhino-1.7.7.2.jar:/Users/anjagruss/.m2/repository/com/sun/mail/mailapi/1.6.2/mailapi-1.6.2.jar:/Users/anjagruss/.m2/repository/joda-time/joda-time/2.10.5/joda-time-2.10.5.jar:/Users/anjagruss/.m2/repository/com/googlecode/libphonenumber/libphonenumber/8.11.1/libphonenumber-8.11.1.jar:/Users/anjagruss/.m2/repository/net/sf/jopt-simple/jopt-simple/5.0.4/jopt-simple-5.0.4.jar:/Users/anjagruss/.m2/repository/org/slf4j/slf4j-api/1.7.36/slf4j-api-1.7.36.jar:/Users/anjagruss/.m2/repository/com/google/guava/guava/30.1.1-jre/guava-30.1.1-jre.jar:/Users/anjagruss/.m2/repository/com/google/guava/failureaccess/1.0.1/failureaccess-1.0.1.jar:/Users/anjagruss/.m2/repository/com/google/guava/listenablefuture/9999.0-empty-to-avoid-conflict-with-guava/listenablefuture-9999.0-empty-to-avoid-conflict-with-guava.jar:/Users/anjagruss/.m2/repository/org/checkerframework/checker-qual/3.8.0/checker-qual-3.8.0.jar:/Users/anjagruss/.m2/repository/com/google/errorprone/error_prone_annotations/2.5.1/error_prone_annotations-2.5.1.jar:/Users/anjagruss/.m2/repository/com/google/j2objc/j2objc-annotations/1.3/j2objc-annotations-1.3.jar:/Users/anjagruss/.m2/repository/com/google/code/findbugs/jsr305/3.0.2/jsr305-3.0.2.jar:/Users/anjagruss/.m2/repository/com/fasterxml/jackson/datatype/jackson-datatype-jdk8/2.13.3/jackson-datatype-jdk8-2.13.3.jar:/Users/anjagruss/.m2/repository/com/fasterxml/jackson/core/jackson-core/2.13.3/jackson-core-2.13.3.jar:/Users/anjagruss/.m2/repository/com/atlassian/oai/swagger-request-validator-restassured/2.28.1/swagger-request-validator-restassured-2.28.1.jar:/Users/anjagruss/.m2/repository/org/springdoc/springdoc-openapi-ui/1.6.8/springdoc-openapi-ui-1.6.8.jar:/Users/anjagruss/.m2/repository/org/springdoc/springdoc-openapi-webmvc-core/1.6.8/springdoc-openapi-webmvc-core-1.6.8.jar:/Users/anjagruss/.m2/repository/org/springdoc/springdoc-openapi-common/1.6.8/springdoc-openapi-common-1.6.8.jar:/Users/anjagruss/.m2/repository/org/webjars/swagger-ui/4.10.3/swagger-ui-4.10.3.jar:/Users/anjagruss/.m2/repository/org/webjars/webjars-locator-core/0.50/webjars-locator-core-0.50.jar:/Users/anjagruss/.m2/repository/io/github/classgraph/classgraph/4.8.143/classgraph-4.8.143.jar:/Users/anjagruss/.m2/repository/org/springdoc/springdoc-openapi-data-rest/1.6.8/springdoc-openapi-data-rest-1.6.8.jar:/Users/anjagruss/.m2/repository/org/springdoc/springdoc-openapi-hateoas/1.6.8/springdoc-openapi-hateoas-1.6.8.jar:/Users/anjagruss/.m2/repository/org/springframework/hateoas/spring-hateoas/1.5.1/spring-hateoas-1.5.1.jar:/Users/anjagruss/.m2/repository/org/springframework/data/spring-data-rest-core/3.7.1/spring-data-rest-core-3.7.1.jar:/Users/anjagruss/.m2/repository/org/springframework/spring-tx/5.3.21/spring-tx-5.3.21.jar:/Users/anjagruss/.m2/repository/org/springframework/data/spring-data-commons/2.7.1/spring-data-commons-2.7.1.jar:/Users/anjagruss/.m2/repository/org/springframework/plugin/spring-plugin-core/2.0.0.RELEASE/spring-plugin-core-2.0.0.RELEASE.jar:/Users/anjagruss/.m2/repository/org/atteo/evo-inflector/1.3/evo-inflector-1.3.jar:/Users/anjagruss/.m2/repository/com/fasterxml/jackson/core/jackson-annotations/2.13.3/jackson-annotations-2.13.3.jar:"/>
    <property name="git.branch" value="main"/>
    <property name="java.vm.vendor" value="Homebrew"/>
    <property name="sun.arch.data.model" value="64"/>
    <property name="java.vendor.url" value="https://github.com/Homebrew/homebrew-core/issues"/>
    <property name="os.name" value="Mac OS X"/>
    <property name="java.vm.specification.version" value="17"/>
    <property name="sun.java.launcher" value="SUN_STANDARD"/>
    <property name="user.country" value="DE"/>
    <property name="sun.boot.library.path" value="/usr/local/Cellar/openjdk/17.0.1_1/libexec/openjdk.jdk/Contents/Home/lib"/>
    <property name="sun.java.command" value="/Users/anjagruss/GitHub/xw/blog-bidirectional-contract-testing-provider/target/surefire/surefirebooter8478774327230178133.jar /Users/anjagruss/GitHub/xw/blog-bidirectional-contract-testing-provider/target/surefire 2022-07-12T14-21-05_664-jvmRun1 surefire10929990976129182909tmp surefire_012496659074285605327tmp"/>
    <property name="http.nonProxyHosts" value="local|*.local|169.254/16|*.169.254/16"/>
    <property name="jdk.debug" value="release"/>
    <property name="surefire.test.class.path" value="/Users/anjagruss/GitHub/xw/blog-bidirectional-contract-testing-provider/target/test-classes:/Users/anjagruss/GitHub/xw/blog-bidirectional-contract-testing-provider/target/classes:/Users/anjagruss/.m2/repository/org/springframework/boot/spring-boot-starter-web/2.7.1/spring-boot-starter-web-2.7.1.jar:/Users/anjagruss/.m2/repository/org/springframework/boot/spring-boot-starter/2.7.1/spring-boot-starter-2.7.1.jar:/Users/anjagruss/.m2/repository/org/springframework/boot/spring-boot-starter-logging/2.7.1/spring-boot-starter-logging-2.7.1.jar:/Users/anjagruss/.m2/repository/ch/qos/logback/logback-classic/1.2.11/logback-classic-1.2.11.jar:/Users/anjagruss/.m2/repository/ch/qos/logback/logback-core/1.2.11/logback-core-1.2.11.jar:/Users/anjagruss/.m2/repository/org/apache/logging/log4j/log4j-to-slf4j/2.17.2/log4j-to-slf4j-2.17.2.jar:/Users/anjagruss/.m2/repository/org/apache/logging/log4j/log4j-api/2.17.2/log4j-api-2.17.2.jar:/Users/anjagruss/.m2/repository/org/slf4j/jul-to-slf4j/1.7.36/jul-to-slf4j-1.7.36.jar:/Users/anjagruss/.m2/repository/jakarta/annotation/jakarta.annotation-api/1.3.5/jakarta.annotation-api-1.3.5.jar:/Users/anjagruss/.m2/repository/org/yaml/snakeyaml/1.30/snakeyaml-1.30.jar:/Users/anjagruss/.m2/repository/org/springframework/boot/spring-boot-starter-json/2.7.1/spring-boot-starter-json-2.7.1.jar:/Users/anjagruss/.m2/repository/com/fasterxml/jackson/core/jackson-databind/2.13.3/jackson-databind-2.13.3.jar:/Users/anjagruss/.m2/repository/com/fasterxml/jackson/datatype/jackson-datatype-jsr310/2.13.3/jackson-datatype-jsr310-2.13.3.jar:/Users/anjagruss/.m2/repository/com/fasterxml/jackson/module/jackson-module-parameter-names/2.13.3/jackson-module-parameter-names-2.13.3.jar:/Users/anjagruss/.m2/repository/org/springframework/boot/spring-boot-starter-tomcat/2.7.1/spring-boot-starter-tomcat-2.7.1.jar:/Users/anjagruss/.m2/repository/org/apache/tomcat/embed/tomcat-embed-core/9.0.64/tomcat-embed-core-9.0.64.jar:/Users/anjagruss/.m2/repository/org/apache/tomcat/embed/tomcat-embed-el/9.0.64/tomcat-embed-el-9.0.64.jar:/Users/anjagruss/.m2/repository/org/apache/tomcat/embed/tomcat-embed-websocket/9.0.64/tomcat-embed-websocket-9.0.64.jar:/Users/anjagruss/.m2/repository/org/springframework/spring-web/5.3.21/spring-web-5.3.21.jar:/Users/anjagruss/.m2/repository/org/springframework/spring-beans/5.3.21/spring-beans-5.3.21.jar:/Users/anjagruss/.m2/repository/org/springframework/spring-webmvc/5.3.21/spring-webmvc-5.3.21.jar:/Users/anjagruss/.m2/repository/org/springframework/spring-aop/5.3.21/spring-aop-5.3.21.jar:/Users/anjagruss/.m2/repository/org/springframework/spring-context/5.3.21/spring-context-5.3.21.jar:/Users/anjagruss/.m2/repository/org/springframework/spring-expression/5.3.21/spring-expression-5.3.21.jar:/Users/anjagruss/.m2/repository/org/springframework/boot/spring-boot-devtools/2.7.1/spring-boot-devtools-2.7.1.jar:/Users/anjagruss/.m2/repository/org/springframework/boot/spring-boot/2.7.1/spring-boot-2.7.1.jar:/Users/anjagruss/.m2/repository/org/springframework/boot/spring-boot-autoconfigure/2.7.1/spring-boot-autoconfigure-2.7.1.jar:/Users/anjagruss/.m2/repository/org/springframework/boot/spring-boot-configuration-processor/2.7.1/spring-boot-configuration-processor-2.7.1.jar:/Users/anjagruss/.m2/repository/org/projectlombok/lombok/1.18.24/lombok-1.18.24.jar:/Users/anjagruss/.m2/repository/org/springframework/boot/spring-boot-starter-test/2.7.1/spring-boot-starter-test-2.7.1.jar:/Users/anjagruss/.m2/repository/org/springframework/boot/spring-boot-test/2.7.1/spring-boot-test-2.7.1.jar:/Users/anjagruss/.m2/repository/org/springframework/boot/spring-boot-test-autoconfigure/2.7.1/spring-boot-test-autoconfigure-2.7.1.jar:/Users/anjagruss/.m2/repository/com/jayway/jsonpath/json-path/2.7.0/json-path-2.7.0.jar:/Users/anjagruss/.m2/repository/net/minidev/json-smart/2.4.8/json-smart-2.4.8.jar:/Users/anjagruss/.m2/repository/net/minidev/accessors-smart/2.4.8/accessors-smart-2.4.8.jar:/Users/anjagruss/.m2/repository/org/ow2/asm/asm/9.1/asm-9.1.jar:/Users/anjagruss/.m2/repository/jakarta/xml/bind/jakarta.xml.bind-api/2.3.3/jakarta.xml.bind-api-2.3.3.jar:/Users/anjagruss/.m2/repository/jakarta/activation/jakarta.activation-api/1.2.2/jakarta.activation-api-1.2.2.jar:/Users/anjagruss/.m2/repository/org/assertj/assertj-core/3.22.0/assertj-core-3.22.0.jar:/Users/anjagruss/.m2/repository/org/hamcrest/hamcrest/2.2/hamcrest-2.2.jar:/Users/anjagruss/.m2/repository/org/junit/jupiter/junit-jupiter/5.8.2/junit-jupiter-5.8.2.jar:/Users/anjagruss/.m2/repository/org/junit/jupiter/junit-jupiter-api/5.8.2/junit-jupiter-api-5.8.2.jar:/Users/anjagruss/.m2/repository/org/opentest4j/opentest4j/1.2.0/opentest4j-1.2.0.jar:/Users/anjagruss/.m2/repository/org/junit/platform/junit-platform-commons/1.8.2/junit-platform-commons-1.8.2.jar:/Users/anjagruss/.m2/repository/org/apiguardian/apiguardian-api/1.1.2/apiguardian-api-1.1.2.jar:/Users/anjagruss/.m2/repository/org/junit/jupiter/junit-jupiter-params/5.8.2/junit-jupiter-params-5.8.2.jar:/Users/anjagruss/.m2/repository/org/junit/jupiter/junit-jupiter-engine/5.8.2/junit-jupiter-engine-5.8.2.jar:/Users/anjagruss/.m2/repository/org/junit/platform/junit-platform-engine/1.8.2/junit-platform-engine-1.8.2.jar:/Users/anjagruss/.m2/repository/org/mockito/mockito-core/4.5.1/mockito-core-4.5.1.jar:/Users/anjagruss/.m2/repository/net/bytebuddy/byte-buddy/1.12.11/byte-buddy-1.12.11.jar:/Users/anjagruss/.m2/repository/net/bytebuddy/byte-buddy-agent/1.12.11/byte-buddy-agent-1.12.11.jar:/Users/anjagruss/.m2/repository/org/objenesis/objenesis/3.2/objenesis-3.2.jar:/Users/anjagruss/.m2/repository/org/mockito/mockito-junit-jupiter/4.5.1/mockito-junit-jupiter-4.5.1.jar:/Users/anjagruss/.m2/repository/org/skyscreamer/jsonassert/1.5.0/jsonassert-1.5.0.jar:/Users/anjagruss/.m2/repository/com/vaadin/external/google/android-json/0.0.20131108.vaadin1/android-json-0.0.20131108.vaadin1.jar:/Users/anjagruss/.m2/repository/org/springframework/spring-core/5.3.21/spring-core-5.3.21.jar:/Users/anjagruss/.m2/repository/org/springframework/spring-jcl/5.3.21/spring-jcl-5.3.21.jar:/Users/anjagruss/.m2/repository/org/springframework/spring-test/5.3.21/spring-test-5.3.21.jar:/Users/anjagruss/.m2/repository/org/xmlunit/xmlunit-core/2.9.0/xmlunit-core-2.9.0.jar:/Users/anjagruss/.m2/repository/io/rest-assured/rest-assured/4.5.1/rest-assured-4.5.1.jar:/Users/anjagruss/.m2/repository/org/codehaus/groovy/groovy/3.0.11/groovy-3.0.11.jar:/Users/anjagruss/.m2/repository/org/codehaus/groovy/groovy-xml/3.0.11/groovy-xml-3.0.11.jar:/Users/anjagruss/.m2/repository/org/apache/httpcomponents/httpclient/4.5.13/httpclient-4.5.13.jar:/Users/anjagruss/.m2/repository/org/apache/httpcomponents/httpcore/4.4.15/httpcore-4.4.15.jar:/Users/anjagruss/.m2/repository/commons-codec/commons-codec/1.15/commons-codec-1.15.jar:/Users/anjagruss/.m2/repository/org/apache/httpcomponents/httpmime/4.5.13/httpmime-4.5.13.jar:/Users/anjagruss/.m2/repository/org/ccil/cowan/tagsoup/tagsoup/1.2.1/tagsoup-1.2.1.jar:/Users/anjagruss/.m2/repository/io/rest-assured/json-path/4.5.1/json-path-4.5.1.jar:/Users/anjagruss/.m2/repository/org/codehaus/groovy/groovy-json/3.0.11/groovy-json-3.0.11.jar:/Users/anjagruss/.m2/repository/io/rest-assured/rest-assured-common/4.5.1/rest-assured-common-4.5.1.jar:/Users/anjagruss/.m2/repository/io/rest-assured/xml-path/4.5.1/xml-path-4.5.1.jar:/Users/anjagruss/.m2/repository/org/apache/commons/commons-lang3/3.12.0/commons-lang3-3.12.0.jar:/Users/anjagruss/.m2/repository/com/atlassian/oai/swagger-request-validator-core/2.28.1/swagger-request-validator-core-2.28.1.jar:/Users/anjagruss/.m2/repository/io/swagger/parser/v3/swagger-parser/2.0.28/swagger-parser-2.0.28.jar:/Users/anjagruss/.m2/repository/io/swagger/parser/v3/swagger-parser-v2-converter/2.0.28/swagger-parser-v2-converter-2.0.28.jar:/Users/anjagruss/.m2/repository/io/swagger/swagger-core/1.6.3/swagger-core-1.6.3.jar:/Users/anjagruss/.m2/repository/io/swagger/swagger-models/1.6.3/swagger-models-1.6.3.jar:/Users/anjagruss/.m2/repository/io/swagger/swagger-annotations/1.6.3/swagger-annotations-1.6.3.jar:/Users/anjagruss/.m2/repository/javax/validation/validation-api/2.0.1.Final/validation-api-2.0.1.Final.jar:/Users/anjagruss/.m2/repository/io/swagger/swagger-parser/1.0.56/swagger-parser-1.0.56.jar:/Users/anjagruss/.m2/repository/io/swagger/swagger-compat-spec-parser/1.0.56/swagger-compat-spec-parser-1.0.56.jar:/Users/anjagruss/.m2/repository/com/github/java-json-tools/json-patch/1.13/json-patch-1.13.jar:/Users/anjagruss/.m2/repository/io/swagger/core/v3/swagger-models/2.1.11/swagger-models-2.1.11.jar:/Users/anjagruss/.m2/repository/io/swagger/parser/v3/swagger-parser-core/2.0.28/swagger-parser-core-2.0.28.jar:/Users/anjagruss/.m2/repository/io/swagger/parser/v3/swagger-parser-v3/2.0.28/swagger-parser-v3-2.0.28.jar:/Users/anjagruss/.m2/repository/io/swagger/core/v3/swagger-core/2.1.11/swagger-core-2.1.11.jar:/Users/anjagruss/.m2/repository/io/swagger/core/v3/swagger-annotations/2.1.11/swagger-annotations-2.1.11.jar:/Users/anjagruss/.m2/repository/jakarta/validation/jakarta.validation-api/2.0.2/jakarta.validation-api-2.0.2.jar:/Users/anjagruss/.m2/repository/com/fasterxml/jackson/dataformat/jackson-dataformat-yaml/2.13.3/jackson-dataformat-yaml-2.13.3.jar:/Users/anjagruss/.m2/repository/commons-io/commons-io/2.11.0/commons-io-2.11.0.jar:/Users/anjagruss/.m2/repository/com/github/java-json-tools/json-schema-validator/2.2.14/json-schema-validator-2.2.14.jar:/Users/anjagruss/.m2/repository/com/github/java-json-tools/jackson-coreutils-equivalence/1.0/jackson-coreutils-equivalence-1.0.jar:/Users/anjagruss/.m2/repository/com/github/java-json-tools/jackson-coreutils/2.0/jackson-coreutils-2.0.jar:/Users/anjagruss/.m2/repository/com/github/java-json-tools/msg-simple/1.2/msg-simple-1.2.jar:/Users/anjagruss/.m2/repository/com/github/java-json-tools/btf/1.3/btf-1.3.jar:/Users/anjagruss/.m2/repository/com/github/java-json-tools/json-schema-core/1.2.14/json-schema-core-1.2.14.jar:/Users/anjagruss/.m2/repository/com/github/java-json-tools/uri-template/0.10/uri-template-0.10.jar:/Users/anjagruss/.m2/repository/org/mozilla/rhino/1.7.7.2/rhino-1.7.7.2.jar:/Users/anjagruss/.m2/repository/com/sun/mail/mailapi/1.6.2/mailapi-1.6.2.jar:/Users/anjagruss/.m2/repository/joda-time/joda-time/2.10.5/joda-time-2.10.5.jar:/Users/anjagruss/.m2/repository/com/googlecode/libphonenumber/libphonenumber/8.11.1/libphonenumber-8.11.1.jar:/Users/anjagruss/.m2/repository/net/sf/jopt-simple/jopt-simple/5.0.4/jopt-simple-5.0.4.jar:/Users/anjagruss/.m2/repository/org/slf4j/slf4j-api/1.7.36/slf4j-api-1.7.36.jar:/Users/anjagruss/.m2/repository/com/google/guava/guava/30.1.1-jre/guava-30.1.1-jre.jar:/Users/anjagruss/.m2/repository/com/google/guava/failureaccess/1.0.1/failureaccess-1.0.1.jar:/Users/anjagruss/.m2/repository/com/google/guava/listenablefuture/9999.0-empty-to-avoid-conflict-with-guava/listenablefuture-9999.0-empty-to-avoid-conflict-with-guava.jar:/Users/anjagruss/.m2/repository/org/checkerframework/checker-qual/3.8.0/checker-qual-3.8.0.jar:/Users/anjagruss/.m2/repository/com/google/errorprone/error_prone_annotations/2.5.1/error_prone_annotations-2.5.1.jar:/Users/anjagruss/.m2/repository/com/google/j2objc/j2objc-annotations/1.3/j2objc-annotations-1.3.jar:/Users/anjagruss/.m2/repository/com/google/code/findbugs/jsr305/3.0.2/jsr305-3.0.2.jar:/Users/anjagruss/.m2/repository/com/fasterxml/jackson/datatype/jackson-datatype-jdk8/2.13.3/jackson-datatype-jdk8-2.13.3.jar:/Users/anjagruss/.m2/repository/com/fasterxml/jackson/core/jackson-core/2.13.3/jackson-core-2.13.3.jar:/Users/anjagruss/.m2/repository/com/atlassian/oai/swagger-request-validator-restassured/2.28.1/swagger-request-validator-restassured-2.28.1.jar:/Users/anjagruss/.m2/repository/org/springdoc/springdoc-openapi-ui/1.6.8/springdoc-openapi-ui-1.6.8.jar:/Users/anjagruss/.m2/repository/org/springdoc/springdoc-openapi-webmvc-core/1.6.8/springdoc-openapi-webmvc-core-1.6.8.jar:/Users/anjagruss/.m2/repository/org/springdoc/springdoc-openapi-common/1.6.8/springdoc-openapi-common-1.6.8.jar:/Users/anjagruss/.m2/repository/org/webjars/swagger-ui/4.10.3/swagger-ui-4.10.3.jar:/Users/anjagruss/.m2/repository/org/webjars/webjars-locator-core/0.50/webjars-locator-core-0.50.jar:/Users/anjagruss/.m2/repository/io/github/classgraph/classgraph/4.8.143/classgraph-4.8.143.jar:/Users/anjagruss/.m2/repository/org/springdoc/springdoc-openapi-data-rest/1.6.8/springdoc-openapi-data-rest-1.6.8.jar:/Users/anjagruss/.m2/repository/org/springdoc/springdoc-openapi-hateoas/1.6.8/springdoc-openapi-hateoas-1.6.8.jar:/Users/anjagruss/.m2/repository/org/springframework/hateoas/spring-hateoas/1.5.1/spring-hateoas-1.5.1.jar:/Users/anjagruss/.m2/repository/org/springframework/data/spring-data-rest-core/3.7.1/spring-data-rest-core-3.7.1.jar:/Users/anjagruss/.m2/repository/org/springframework/spring-tx/5.3.21/spring-tx-5.3.21.jar:/Users/anjagruss/.m2/repository/org/springframework/data/spring-data-commons/2.7.1/spring-data-commons-2.7.1.jar:/Users/anjagruss/.m2/repository/org/springframework/plugin/spring-plugin-core/2.0.0.RELEASE/spring-plugin-core-2.0.0.RELEASE.jar:/Users/anjagruss/.m2/repository/org/atteo/evo-inflector/1.3/evo-inflector-1.3.jar:/Users/anjagruss/.m2/repository/com/fasterxml/jackson/core/jackson-annotations/2.13.3/jackson-annotations-2.13.3.jar:"/>
    <property name="sun.cpu.endian" value="little"/>
    <property name="user.home" value="/Users/anjagruss"/>
    <property name="user.language" value="de"/>
    <property name="java.specification.vendor" value="Oracle Corporation"/>
    <property name="java.version.date" value="2021-10-19"/>
    <property name="java.home" value="/usr/local/Cellar/openjdk/17.0.1_1/libexec/openjdk.jdk/Contents/Home"/>
    <property name="file.separator" value="/"/>
    <property name="basedir" value="/Users/anjagruss/GitHub/xw/blog-bidirectional-contract-testing-provider"/>
    <property name="java.vm.compressedOopsMode" value="Zero based"/>
    <property name="line.separator" value="&#10;"/>
    <property name="java.vm.specification.vendor" value="Oracle Corporation"/>
    <property name="java.specification.name" value="Java Platform API Specification"/>
    <property name="git.commit.id.full" value="cc02d4228b2e898c22ecc5c729a7aed11cfd25ef"/>
    <property name="git.build.time" value="2022-07-12T14:21:03+0200"/>
    <property name="surefire.real.class.path" value="/Users/anjagruss/GitHub/xw/blog-bidirectional-contract-testing-provider/target/surefire/surefirebooter8478774327230178133.jar"/>
    <property name="sun.management.compiler" value="HotSpot 64-Bit Tiered Compilers"/>
    <property name="ftp.nonProxyHosts" value="local|*.local|169.254/16|*.169.254/16"/>
    <property name="java.runtime.version" value="17.0.1+1"/>
    <property name="user.name" value="anjagruss"/>
    <property name="path.separator" value=":"/>
    <property name="os.version" value="12.4"/>
    <property name="java.runtime.name" value="OpenJDK Runtime Environment"/>
    <property name="file.encoding" value="UTF-8"/>
    <property name="java.vm.name" value="OpenJDK 64-Bit Server VM"/>
    <property name="java.vendor.version" value="Homebrew"/>
    <property name="localRepository" value="/Users/anjagruss/.m2/repository"/>
    <property name="java.vendor.url.bug" value="https://github.com/Homebrew/homebrew-core/issues"/>
    <property name="java.io.tmpdir" value="/var/folders/0g/gy4zbtvs32q5vs8wb3782fvw0000gn/T/"/>
    <property name="java.version" value="17.0.1"/>
    <property name="user.dir" value="/Users/anjagruss/GitHub/xw/blog-bidirectional-contract-testing-provider"/>
    <property name="os.arch" value="x86_64"/>
    <property name="git.commit.id.abbrev" value="cc02d42"/>
    <property name="java.vm.specification.name" value="Java Virtual Machine Specification"/>
    <property name="native.encoding" value="UTF-8"/>
    <property name="java.library.path" value="/Users/anjagruss/Library/Java/Extensions:/Library/Java/Extensions:/Network/Library/Java/Extensions:/System/Library/Java/Extensions:/usr/lib/java:."/>
    <property name="java.vm.info" value="mixed mode, sharing"/>
    <property name="java.vendor" value="Homebrew"/>
    <property name="java.vm.version" value="17.0.1+1"/>
    <property name="sun.io.unicode.encoding" value="UnicodeBig"/>
    <property name="socksNonProxyHosts" value="local|*.local|169.254/16|*.169.254/16"/>
    <property name="java.class.version" value="61.0"/>
  </properties>
  <testcase name="shouldFailDueToResponse" classname="de.kreuzwerker.blogs.bidirectionalprovider.DemoControllerTest" time="0">
    <skipped message="void de.kreuzwerker.blogs.bidirectionalprovider.DemoControllerTest.shouldFailDueToResponse() is @Disabled"/>
    <system-out><![CDATA[2022-07-12 14:21:09.692  INFO 27969 --- [           main] .b.t.c.SpringBootTestContextBootstrapper : Neither @ContextConfiguration nor @ContextHierarchy found for test class [de.kreuzwerker.blogs.bidirectionalprovider.DemoControllerTest], using SpringBootContextLoader
2022-07-12 14:21:09.693  INFO 27969 --- [           main] o.s.t.c.support.AbstractContextLoader    : Could not detect default resource locations for test class [de.kreuzwerker.blogs.bidirectionalprovider.DemoControllerTest]: no resource found for suffixes {-context.xml, Context.groovy}.
2022-07-12 14:21:09.693  INFO 27969 --- [           main] t.c.s.AnnotationConfigContextLoaderUtils : Could not detect default configuration classes for test class [de.kreuzwerker.blogs.bidirectionalprovider.DemoControllerTest]: DemoControllerTest does not declare any static, non-private, non-final, nested classes annotated with @Configuration.
2022-07-12 14:21:09.695  INFO 27969 --- [           main] .b.t.c.SpringBootTestContextBootstrapper : Found @SpringBootConfiguration de.kreuzwerker.blogs.bidirectionalprovider.ProviderApplication for test class de.kreuzwerker.blogs.bidirectionalprovider.DemoControllerTest
2022-07-12 14:21:09.696  INFO 27969 --- [           main] .b.t.c.SpringBootTestContextBootstrapper : Loaded default TestExecutionListener class names from location [META-INF/spring.factories]: [org.springframework.boot.test.mock.mockito.MockitoTestExecutionListener, org.springframework.boot.test.mock.mockito.ResetMocksTestExecutionListener, org.springframework.boot.test.autoconfigure.restdocs.RestDocsTestExecutionListener, org.springframework.boot.test.autoconfigure.web.client.MockRestServiceServerResetTestExecutionListener, org.springframework.boot.test.autoconfigure.web.servlet.MockMvcPrintOnlyOnFailureTestExecutionListener, org.springframework.boot.test.autoconfigure.web.servlet.WebDriverTestExecutionListener, org.springframework.boot.test.autoconfigure.webservices.client.MockWebServiceServerTestExecutionListener, org.springframework.test.context.web.ServletTestExecutionListener, org.springframework.test.context.support.DirtiesContextBeforeModesTestExecutionListener, org.springframework.test.context.event.ApplicationEventsTestExecutionListener, org.springframework.test.context.support.DependencyInjectionTestExecutionListener, org.springframework.test.context.support.DirtiesContextTestExecutionListener, org.springframework.test.context.transaction.TransactionalTestExecutionListener, org.springframework.test.context.jdbc.SqlScriptsTestExecutionListener, org.springframework.test.context.event.EventPublishingTestExecutionListener]
2022-07-12 14:21:09.696  INFO 27969 --- [           main] .b.t.c.SpringBootTestContextBootstrapper : Using TestExecutionListeners: [org.springframework.test.context.web.ServletTestExecutionListener@3f1158ee, org.springframework.test.context.support.DirtiesContextBeforeModesTestExecutionListener@6463da36, org.springframework.test.context.event.ApplicationEventsTestExecutionListener@4a4b288a, org.springframework.boot.test.mock.mockito.MockitoTestExecutionListener@1c6ac73c, org.springframework.boot.test.autoconfigure.SpringBootDependencyInjectionTestExecutionListener@29892a77, org.springframework.test.context.support.DirtiesContextTestExecutionListener@5341e71a, org.springframework.test.context.transaction.TransactionalTestExecutionListener@405d8a80, org.springframework.test.context.jdbc.SqlScriptsTestExecutionListener@ac4e690, org.springframework.test.context.event.EventPublishingTestExecutionListener@6afeaf2d, org.springframework.boot.test.mock.mockito.ResetMocksTestExecutionListener@365bfc5f, org.springframework.boot.test.autoconfigure.restdocs.RestDocsTestExecutionListener@1a7e799e, org.springframework.boot.test.autoconfigure.web.client.MockRestServiceServerResetTestExecutionListener@37a3ec27, org.springframework.boot.test.autoconfigure.web.servlet.MockMvcPrintOnlyOnFailureTestExecutionListener@283baa39, org.springframework.boot.test.autoconfigure.web.servlet.WebDriverTestExecutionListener@416b1265, org.springframework.boot.test.autoconfigure.webservices.client.MockWebServiceServerTestExecutionListener@2830315f]

  .   ____          _            __ _ _
 /\\ / ___'_ __ _ _(_)_ __  __ _ \ \ \ \
( ( )\___ | '_ | '_| | '_ \/ _` | \ \ \ \
 \\/  ___)| |_)| | | | | || (_| |  ) ) ) )
  '  |____| .__|_| |_|_| |_\__, | / / / /
 =========|_|==============|___/=/_/_/_/
 :: Spring Boot ::                (v2.7.1)

2022-07-12 14:21:10.035  INFO 27969 --- [           main] d.k.b.b.DemoControllerTest               : Starting DemoControllerTest using Java 17.0.1 on Anjas-MacBook-Pro.local with PID 27969 (started by anjagruss in /Users/anjagruss/GitHub/xw/blog-bidirectional-contract-testing-provider)
2022-07-12 14:21:10.036  INFO 27969 --- [           main] d.k.b.b.DemoControllerTest               : No active profile set, falling back to 1 default profile: "default"
2022-07-12 14:21:10.325  INFO 27969 --- [           main] o.s.b.w.embedded.tomcat.TomcatWebServer  : Tomcat initialized with port(s): 0 (http)
2022-07-12 14:21:10.336  INFO 27969 --- [           main] o.apache.catalina.core.StandardService   : Starting service [Tomcat]
2022-07-12 14:21:10.337  INFO 27969 --- [           main] org.apache.catalina.core.StandardEngine  : Starting Servlet engine: [Apache Tomcat/9.0.64]
2022-07-12 14:21:10.497  INFO 27969 --- [           main] o.a.c.c.C.[Tomcat].[localhost].[/]       : Initializing Spring embedded WebApplicationContext
2022-07-12 14:21:10.497  INFO 27969 --- [           main] w.s.c.ServletWebServerApplicationContext : Root WebApplicationContext: initialization completed in 459 ms
2022-07-12 14:21:11.317  INFO 27969 --- [           main] o.s.b.w.embedded.tomcat.TomcatWebServer  : Tomcat started on port(s): 51642 (http) with context path ''
2022-07-12 14:21:11.324  INFO 27969 --- [           main] d.k.b.b.DemoControllerTest               : Started DemoControllerTest in 1.309 seconds (JVM running for 5.47)
]]></system-out>
  </testcase>
  <testcase name="shouldFailDueInvalidResponse" classname="de.kreuzwerker.blogs.bidirectionalprovider.DemoControllerTest" time="0">
    <skipped message="void de.kreuzwerker.blogs.bidirectionalprovider.DemoControllerTest.shouldFailDueInvalidResponse() throws org.json.JSONException is @Disabled"/>
  </testcase>
  <testcase name="shouldReturnList" classname="de.kreuzwerker.blogs.bidirectionalprovider.DemoControllerTest" time="0.995"/>
  <testcase name="shouldFailDueToPath" classname="de.kreuzwerker.blogs.bidirectionalprovider.DemoControllerTest" time="0">
    <skipped message="void de.kreuzwerker.blogs.bidirectionalprovider.DemoControllerTest.shouldFailDueToPath() is @Disabled"/>
  </testcase>
  <testcase name="shouldFailWithBadRequest" classname="de.kreuzwerker.blogs.bidirectionalprovider.DemoControllerTest" time="0">
    <skipped message="void de.kreuzwerker.blogs.bidirectionalprovider.DemoControllerTest.shouldFailWithBadRequest() throws org.json.JSONException is @Disabled"/>
  </testcase>
  <testcase name="shouldCreateEmployee" classname="de.kreuzwerker.blogs.bidirectionalprovider.DemoControllerTest" time="0.15"/>
  <testcase name="shouldFailDueInvalidRequest" classname="de.kreuzwerker.blogs.bidirectionalprovider.DemoControllerTest" time="0">
    <skipped message="void de.kreuzwerker.blogs.bidirectionalprovider.DemoControllerTest.shouldFailDueInvalidRequest() throws org.json.JSONException is @Disabled"/>
  </testcase>
</testsuite>